Build started 2015/3/12 19:48:11.
     1>Project "C:\Users\bchen_000\Desktop\CS3113\HW4\NYUCodebase\NYUCodebase\NYUCodebase.vcxproj" on node 2 (Build target(s)).
     1>ClCompile:
         C:\Program Files (x86)\Microsoft Visual Studio 12.0\VC\bin\CL.exe /c /IC:\SDL2\include /IC:\SDL2_image\include /ZI /nologo /W3 /WX- /sdl /Od /Oy- /D _MBCS /Gm /EHsc /RTC1 /MDd /GS /fp:precise /Zc:wchar_t /Zc:forScope /Fo"Debug\\" /Fd"Debug\vc120.pdb" /Gd /TP /analyze- /errorReport:prompt main.cpp
         main.cpp
     1>c:\users\bchen_000\desktop\cs3113\hw4\nyucodebase\nyucodebase\main.cpp(74): warning C4244: 'initializing' : conversion from 'double' to 'GLfloat', possible loss of data
     1>c:\users\bchen_000\desktop\cs3113\hw4\nyucodebase\nyucodebase\main.cpp(79): warning C4244: 'initializing' : conversion from 'double' to 'float', possible loss of data
     1>c:\users\bchen_000\desktop\cs3113\hw4\nyucodebase\nyucodebase\main.cpp(80): warning C4244: 'initializing' : conversion from 'double' to 'float', possible loss of data
     1>c:\users\bchen_000\desktop\cs3113\hw4\nyucodebase\nyucodebase\main.cpp(108): warning C4305: 'initializing' : truncation from 'double' to 'GLfloat'
     1>c:\users\bchen_000\desktop\cs3113\hw4\nyucodebase\nyucodebase\main.cpp(152): warning C4018: '<' : signed/unsigned mismatch
     1>c:\users\bchen_000\desktop\cs3113\hw4\nyucodebase\nyucodebase\main.cpp(171): warning C4244: 'argument' : conversion from 'double' to 'GLsizei', possible loss of data
     1>c:\users\bchen_000\desktop\cs3113\hw4\nyucodebase\nyucodebase\main.cpp(180): warning C4244: 'return' : conversion from 'double' to 'float', possible loss of data
     1>c:\users\bchen_000\desktop\cs3113\hw4\nyucodebase\nyucodebase\main.cpp(201): warning C4305: 'argument' : truncation from 'double' to 'float'
     1>c:\users\bchen_000\desktop\cs3113\hw4\nyucodebase\nyucodebase\main.cpp(271): warning C4305: 'argument' : truncation from 'double' to 'float'
     1>c:\users\bchen_000\desktop\cs3113\hw4\nyucodebase\nyucodebase\main.cpp(271): warning C4244: 'argument' : conversion from 'double' to 'float', possible loss of data
     1>c:\users\bchen_000\desktop\cs3113\hw4\nyucodebase\nyucodebase\main.cpp(273): warning C4305: 'argument' : truncation from 'double' to 'float'
     1>c:\users\bchen_000\desktop\cs3113\hw4\nyucodebase\nyucodebase\main.cpp(280): warning C4244: 'argument' : conversion from 'double' to 'float', possible loss of data
     1>c:\users\bchen_000\desktop\cs3113\hw4\nyucodebase\nyucodebase\main.cpp(291): warning C4244: 'initializing' : conversion from 'double' to 'float', possible loss of data
     1>c:\users\bchen_000\desktop\cs3113\hw4\nyucodebase\nyucodebase\main.cpp(292): warning C4244: 'initializing' : conversion from 'double' to 'float', possible loss of data
     1>c:\users\bchen_000\desktop\cs3113\hw4\nyucodebase\nyucodebase\main.cpp(293): warning C4244: 'initializing' : conversion from 'double' to 'float', possible loss of data
     1>c:\users\bchen_000\desktop\cs3113\hw4\nyucodebase\nyucodebase\main.cpp(294): warning C4244: 'initializing' : conversion from 'double' to 'float', possible loss of data
     1>c:\users\bchen_000\desktop\cs3113\hw4\nyucodebase\nyucodebase\main.cpp(295): warning C4244: 'initializing' : conversion from 'double' to 'float', possible loss of data
     1>c:\users\bchen_000\desktop\cs3113\hw4\nyucodebase\nyucodebase\main.cpp(296): warning C4244: 'initializing' : conversion from 'double' to 'float', possible loss of data
     1>c:\users\bchen_000\desktop\cs3113\hw4\nyucodebase\nyucodebase\main.cpp(297): warning C4244: 'initializing' : conversion from 'double' to 'float', possible loss of data
     1>c:\users\bchen_000\desktop\cs3113\hw4\nyucodebase\nyucodebase\main.cpp(298): warning C4244: 'initializing' : conversion from 'double' to 'float', possible loss of data
     1>c:\users\bchen_000\desktop\cs3113\hw4\nyucodebase\nyucodebase\main.cpp(322): warning C4305: 'argument' : truncation from 'double' to 'float'
     1>c:\users\bchen_000\desktop\cs3113\hw4\nyucodebase\nyucodebase\main.cpp(322): warning C4244: 'argument' : conversion from 'double' to 'float', possible loss of data
     1>c:\users\bchen_000\desktop\cs3113\hw4\nyucodebase\nyucodebase\main.cpp(366): warning C4018: '<' : signed/unsigned mismatch
     1>c:\users\bchen_000\desktop\cs3113\hw4\nyucodebase\nyucodebase\main.cpp(370): warning C4018: '<' : signed/unsigned mismatch
     1>c:\users\bchen_000\desktop\cs3113\hw4\nyucodebase\nyucodebase\main.cpp(375): warning C4305: 'argument' : truncation from 'double' to 'float'
     1>c:\users\bchen_000\desktop\cs3113\hw4\nyucodebase\nyucodebase\main.cpp(376): warning C4305: 'argument' : truncation from 'double' to 'float'
     1>c:\users\bchen_000\desktop\cs3113\hw4\nyucodebase\nyucodebase\main.cpp(402): warning C4244: '+=' : conversion from 'double' to 'float', possible loss of data
     1>c:\users\bchen_000\desktop\cs3113\hw4\nyucodebase\nyucodebase\main.cpp(419): warning C4244: 'initializing' : conversion from 'double' to 'float', possible loss of data
     1>c:\users\bchen_000\desktop\cs3113\hw4\nyucodebase\nyucodebase\main.cpp(426): warning C4244: 'initializing' : conversion from 'double' to 'float', possible loss of data
     1>c:\users\bchen_000\desktop\cs3113\hw4\nyucodebase\nyucodebase\main.cpp(476): warning C4018: '<' : signed/unsigned mismatch
     1>c:\users\bchen_000\desktop\cs3113\hw4\nyucodebase\nyucodebase\main.cpp(483): warning C4244: '-=' : conversion from 'double' to 'float', possible loss of data
     1>c:\users\bchen_000\desktop\cs3113\hw4\nyucodebase\nyucodebase\main.cpp(489): warning C4244: '+=' : conversion from 'double' to 'float', possible loss of data
     1>c:\users\bchen_000\desktop\cs3113\hw4\nyucodebase\nyucodebase\main.cpp(497): warning C4018: '<' : signed/unsigned mismatch
     1>c:\users\bchen_000\desktop\cs3113\hw4\nyucodebase\nyucodebase\main.cpp(504): warning C4244: '-=' : conversion from 'double' to 'float', possible loss of data
     1>c:\users\bchen_000\desktop\cs3113\hw4\nyucodebase\nyucodebase\main.cpp(509): warning C4244: '+=' : conversion from 'double' to 'float', possible loss of data
     1>c:\users\bchen_000\desktop\cs3113\hw4\nyucodebase\nyucodebase\main.cpp(517): warning C4018: '<' : signed/unsigned mismatch
       Link:
         C:\Program Files (x86)\Microsoft Visual Studio 12.0\VC\bin\link.exe /ERRORREPORT:PROMPT /OUT:"C:\Users\bchen_000\Desktop\CS3113\HW4\NYUCodebase\Debug\NYUCodebase.exe" /INCREMENTAL /NOLOGO SDL2.lib SDL2main.lib SDL2_image.lib OpenGL32.lib /MANIFEST /MANIFESTUAC:"level='asInvoker' uiAccess='false'" /manifest:embed /DEBUG /PDB:"C:\Users\bchen_000\Desktop\CS3113\HW4\NYUCodebase\Debug\NYUCodebase.pdb" /SUBSYSTEM:WINDOWS /TLBID:1 /DYNAMICBASE /NXCOMPAT /IMPLIB:"C:\Users\bchen_000\Desktop\CS3113\HW4\NYUCodebase\Debug\NYUCodebase.lib" /MACHINE:X86 Debug\main.obj
         NYUCodebase.vcxproj -> C:\Users\bchen_000\Desktop\CS3113\HW4\NYUCodebase\Debug\NYUCodebase.exe
     1>Done Building Project "C:\Users\bchen_000\Desktop\CS3113\HW4\NYUCodebase\NYUCodebase\NYUCodebase.vcxproj" (Build target(s)).

Build succeeded.

Time Elapsed 00:00:00.95
